<?xml version="1.0" encoding="UTF-8"?>
<!-- Generated by org.testng.reporters.JUnitXMLReporter -->
<testsuite hostname="RABINDRA-PC" ignored="0" name="LoginTest" tests="3" failures="1" timestamp="29 Dec 2018 15:22:03 GMT" time="57.038" errors="0">
  <testcase name="invalidLoginTest_InvalidUserNameInvalidPassword" time="39.056" classname="tests.LoginTests"/>
  <testcase name="invalidLoginTest_EmptyUserEmptyPassword" time="5.878" classname="tests.LoginTests">
    <skipped/>
  </testcase> <!-- invalidLoginTest_EmptyUserEmptyPassword -->
  <testcase name="invalidLoginTest_EmptyUserEmptyPassword" time="4.563" classname="tests.LoginTests">
    <failure type="java.lang.AssertionError" message="expected [WRONG MESSAGE FOR FAILURE!] but found [Bu alanın doldurulması zorunludur.]">
      <![CDATA[java.lang.AssertionError: expected [WRONG MESSAGE FOR FAILURE!] but found [Bu alanın doldurulması zorunludur.]
at pages.LoginPage.verifyLoginPassword_aroundBody4(LoginPage.java:43)
at pages.LoginPage$AjcClosure5.run(LoginPage.java:1)
at io.qameta.allure.aspects.StepsAspects.step(StepsAspects.java:46)
at pages.LoginPage.verifyLoginPassword(LoginPage.java:43)
at tests.LoginTests.invalidLoginTest_EmptyUserEmptyPassword(LoginTests.java:82)
... Removed 35 stack frames]]>
    </failure>
  </testcase> <!-- invalidLoginTest_EmptyUserEmptyPassword -->
</testsuite> <!-- LoginTest -->
